2022-11-03  1:47:19 0 [Note] InnoDB: Mutexes and rw_locks use Windows interlocked functions
2022-11-03  1:47:19 0 [Note] InnoDB: Uses event mutexes
2022-11-03  1:47:19 0 [Note] InnoDB: Compressed tables use zlib 1.2.11
2022-11-03  1:47:19 0 [Note] InnoDB: Number of pools: 1
2022-11-03  1:47:19 0 [Note] InnoDB: Using SSE2 crc32 instructions
2022-11-03  1:47:19 0 [Note] InnoDB: Initializing buffer pool, total size = 16M, instances = 1, chunk size = 16M
2022-11-03  1:47:19 0 [Note] InnoDB: Completed initialization of buffer pool
2022-11-03  1:47:20 0 [Note] InnoDB: Starting crash recovery from checkpoint LSN=300288
2022-11-03  1:47:20 0 [Note] InnoDB: 128 out of 128 rollback segments are active.
2022-11-03  1:47:20 0 [Note] InnoDB: Removed temporary tablespace data file: "ibtmp1"
2022-11-03  1:47:20 0 [Note] InnoDB: Creating shared tablespace for temporary tables
2022-11-03  1:47:20 0 [Note] InnoDB: Setting file 'D:\xampp\mysql\data\ibtmp1' size to 12 MB. Physically writing the file full; Please wait ...
2022-11-03  1:47:20 0 [Note] InnoDB: File 'D:\xampp\mysql\data\ibtmp1' size is now 12 MB.
2022-11-03  1:47:20 0 [Note] InnoDB: Waiting for purge to start
2022-11-03  1:47:20 0 [Note] InnoDB: 10.4.25 started; log sequence number 300297; transaction id 170
2022-11-03  1:47:20 0 [Note] InnoDB: Loading buffer pool(s) from D:\xampp\mysql\data\ib_buffer_pool
2022-11-03  1:47:20 0 [Note] Plugin 'FEEDBACK' is disabled.
2022-11-03  1:47:20 0 [Note] Server socket created on IP: '::'.
2022-11-03  1:47:20 0 [Note] InnoDB: Buffer pool(s) load completed at 221103  1:47:20
2022-11-03  1:47:20 0 [Note] Reading of all Master_info entries succeeded
2022-11-03  1:47:20 0 [Note] Added new Master_info '' to hash table
2022-11-03  1:47:20 0 [Note] D:\xampp\mysql\bin\mysqld.exe: ready for connections.
Version: '10.4.25-MariaDB'  socket: ''  port: 3306  mariadb.org binary distribution
2022-11-03  2:20:14 0 [Note] D:\xampp\mysql\bin\mysqld.exe (initiated by: unknown): Normal shutdown
2022-11-03  2:20:14 0 [Note] Event Scheduler: Purging the queue. 0 events
2022-11-03  2:20:14 0 [Note] InnoDB: FTS optimize thread exiting.
2022-11-03  2:20:14 0 [Note] InnoDB: Starting shutdown...
2022-11-03  2:20:14 0 [Note] InnoDB: Dumping buffer pool(s) to D:\xampp\mysql\data\ib_buffer_pool
2022-11-03  2:20:14 0 [Note] InnoDB: Instance 0, restricted to 250 pages due to innodb_buf_pool_dump_pct=25
2022-11-03  2:20:14 0 [Note] InnoDB: Buffer pool(s) dump completed at 221103  2:20:14
2022-11-03  2:20:14 0 [Note] InnoDB: Removed temporary tablespace data file: "ibtmp1"
2022-11-03  2:20:14 0 [Note] InnoDB: Shutdown completed; log sequence number 388764; transaction id 407
2022-11-03  2:20:14 0 [Note] D:\xampp\mysql\bin\mysqld.exe: Shutdown complete

2022-11-03  2:20:29 0 [Note] InnoDB: Mutexes and rw_locks use Windows interlocked functions
2022-11-03  2:20:29 0 [Note] InnoDB: Uses event mutexes
2022-11-03  2:20:29 0 [Note] InnoDB: Compressed tables use zlib 1.2.11
2022-11-03  2:20:29 0 [Note] InnoDB: Number of pools: 1
2022-11-03  2:20:29 0 [Note] InnoDB: Using SSE2 crc32 instructions
2022-11-03  2:20:29 0 [Note] InnoDB: Initializing buffer pool, total size = 16M, instances = 1, chunk size = 16M
2022-11-03  2:20:29 0 [Note] InnoDB: Completed initialization of buffer pool
2022-11-03  2:20:29 0 [Note] InnoDB: 128 out of 128 rollback segments are active.
2022-11-03  2:20:29 0 [Note] InnoDB: Creating shared tablespace for temporary tables
2022-11-03  2:20:29 0 [Note] InnoDB: Setting file 'D:\xampp\mysql\data\ibtmp1' size to 12 MB. Physically writing the file full; Please wait ...
2022-11-03  2:20:29 0 [Note] InnoDB: File 'D:\xampp\mysql\data\ibtmp1' size is now 12 MB.
2022-11-03  2:20:29 0 [Note] InnoDB: Waiting for purge to start
2022-11-03  2:20:29 0 [Note] InnoDB: 10.4.25 started; log sequence number 388764; transaction id 407
2022-11-03  2:20:29 0 [Note] InnoDB: Loading buffer pool(s) from D:\xampp\mysql\data\ib_buffer_pool
2022-11-03  2:20:29 0 [Note] Plugin 'FEEDBACK' is disabled.
2022-11-03  2:20:29 0 [Note] Server socket created on IP: '::'.
2022-11-03  2:20:29 0 [Note] Reading of all Master_info entries succeeded
2022-11-03  2:20:29 0 [Note] Added new Master_info '' to hash table
2022-11-03  2:20:29 0 [Note] D:\xampp\mysql\bin\mysqld.exe: ready for connections.
Version: '10.4.25-MariaDB'  socket: ''  port: 3306  mariadb.org binary distribution
2022-11-03  2:20:29 0 [Note] InnoDB: Buffer pool(s) load completed at 221103  2:20:29
2022-11-03  2:20:51 0 [Note] D:\xampp\mysql\bin\mysqld.exe (initiated by: unknown): Normal shutdown
2022-11-03  2:20:51 0 [Note] InnoDB: FTS optimize thread exiting.
2022-11-03  2:20:51 0 [Note] Event Scheduler: Purging the queue. 0 events
2022-11-03  2:20:51 0 [Note] InnoDB: Starting shutdown...
2022-11-03  2:20:51 0 [Note] InnoDB: Dumping buffer pool(s) to D:\xampp\mysql\data\ib_buffer_pool
2022-11-03  2:20:51 0 [Note] InnoDB: Instance 0, restricted to 250 pages due to innodb_buf_pool_dump_pct=25
2022-11-03  2:20:51 0 [Note] InnoDB: Buffer pool(s) dump completed at 221103  2:20:51
2022-11-03  2:20:52 0 [Note] InnoDB: Removed temporary tablespace data file: "ibtmp1"
2022-11-03  2:20:52 0 [Note] InnoDB: Shutdown completed; log sequence number 389153; transaction id 429
2022-11-03  2:20:52 0 [Note] D:\xampp\mysql\bin\mysqld.exe: Shutdown complete

2022-11-08 16:33:16 0 [Note] InnoDB: Mutexes and rw_locks use Windows interlocked functions
2022-11-08 16:33:16 0 [Note] InnoDB: Uses event mutexes
2022-11-08 16:33:16 0 [Note] InnoDB: Compressed tables use zlib 1.2.11
2022-11-08 16:33:16 0 [Note] InnoDB: Number of pools: 1
2022-11-08 16:33:16 0 [Note] InnoDB: Using SSE2 crc32 instructions
2022-11-08 16:33:16 0 [Note] InnoDB: Initializing buffer pool, total size = 16M, instances = 1, chunk size = 16M
2022-11-08 16:33:16 0 [Note] InnoDB: Completed initialization of buffer pool
2022-11-08 16:33:16 0 [Note] InnoDB: 128 out of 128 rollback segments are active.
2022-11-08 16:33:16 0 [Note] InnoDB: Creating shared tablespace for temporary tables
2022-11-08 16:33:16 0 [Note] InnoDB: Setting file 'D:\xampp\mysql\data\ibtmp1' size to 12 MB. Physically writing the file full; Please wait ...
2022-11-08 16:33:16 0 [Note] InnoDB: File 'D:\xampp\mysql\data\ibtmp1' size is now 12 MB.
2022-11-08 16:33:16 0 [Note] InnoDB: Waiting for purge to start
2022-11-08 16:33:16 0 [Note] InnoDB: 10.4.25 started; log sequence number 389153; transaction id 430
2022-11-08 16:33:16 0 [Note] InnoDB: Loading buffer pool(s) from D:\xampp\mysql\data\ib_buffer_pool
2022-11-08 16:33:16 0 [Note] Plugin 'FEEDBACK' is disabled.
2022-11-08 16:33:16 0 [Note] Server socket created on IP: '::'.
2022-11-08 16:33:16 0 [Note] InnoDB: Buffer pool(s) load completed at 221108 16:33:16
2022-11-08 16:33:16 0 [Note] Reading of all Master_info entries succeeded
2022-11-08 16:33:16 0 [Note] Added new Master_info '' to hash table
2022-11-08 16:33:16 0 [Note] D:\xampp\mysql\bin\mysqld.exe: ready for connections.
Version: '10.4.25-MariaDB'  socket: ''  port: 3306  mariadb.org binary distribution
2022-11-08 16:50:36 0 [Note] D:\xampp\mysql\bin\mysqld.exe (initiated by: unknown): Normal shutdown
2022-11-08 16:50:36 0 [Note] Event Scheduler: Purging the queue. 0 events
2022-11-08 16:50:36 0 [Note] InnoDB: FTS optimize thread exiting.
2022-11-08 16:50:36 0 [Note] InnoDB: Starting shutdown...
2022-11-08 16:50:36 0 [Note] InnoDB: Dumping buffer pool(s) to D:\xampp\mysql\data\ib_buffer_pool
2022-11-08 16:50:36 0 [Note] InnoDB: Instance 0, restricted to 250 pages due to innodb_buf_pool_dump_pct=25
2022-11-08 16:50:36 0 [Note] InnoDB: Buffer pool(s) dump completed at 221108 16:50:36
2022-11-08 16:50:37 0 [Note] InnoDB: Removed temporary tablespace data file: "ibtmp1"
2022-11-08 16:50:37 0 [Note] InnoDB: Shutdown completed; log sequence number 460478; transaction id 680
2022-11-08 16:50:37 0 [Note] D:\xampp\mysql\bin\mysqld.exe: Shutdown complete

2022-11-08 19:13:10 0 [Note] InnoDB: Mutexes and rw_locks use Windows interlocked functions
2022-11-08 19:13:10 0 [Note] InnoDB: Uses event mutexes
2022-11-08 19:13:10 0 [Note] InnoDB: Compressed tables use zlib 1.2.11
2022-11-08 19:13:10 0 [Note] InnoDB: Number of pools: 1
2022-11-08 19:13:10 0 [Note] InnoDB: Using SSE2 crc32 instructions
2022-11-08 19:13:10 0 [Note] InnoDB: Initializing buffer pool, total size = 16M, instances = 1, chunk size = 16M
2022-11-08 19:13:10 0 [Note] InnoDB: Completed initialization of buffer pool
2022-11-08 19:13:10 0 [Note] InnoDB: 128 out of 128 rollback segments are active.
2022-11-08 19:13:10 0 [Note] InnoDB: Creating shared tablespace for temporary tables
2022-11-08 19:13:10 0 [Note] InnoDB: Setting file 'D:\xampp\mysql\data\ibtmp1' size to 12 MB. Physically writing the file full; Please wait ...
2022-11-08 19:13:10 0 [Note] InnoDB: File 'D:\xampp\mysql\data\ibtmp1' size is now 12 MB.
2022-11-08 19:13:10 0 [Note] InnoDB: Waiting for purge to start
2022-11-08 19:13:10 0 [Note] InnoDB: 10.4.25 started; log sequence number 460478; transaction id 681
2022-11-08 19:13:10 0 [Note] InnoDB: Loading buffer pool(s) from D:\xampp\mysql\data\ib_buffer_pool
2022-11-08 19:13:10 0 [Note] Plugin 'FEEDBACK' is disabled.
2022-11-08 19:13:10 0 [Note] Server socket created on IP: '::'.
2022-11-08 19:13:10 0 [Note] Reading of all Master_info entries succeeded
2022-11-08 19:13:10 0 [Note] Added new Master_info '' to hash table
2022-11-08 19:13:10 0 [Note] D:\xampp\mysql\bin\mysqld.exe: ready for connections.
Version: '10.4.25-MariaDB'  socket: ''  port: 3306  mariadb.org binary distribution
2022-11-08 19:13:10 0 [Note] InnoDB: Buffer pool(s) load completed at 221108 19:13:10
2022-11-08 19:21:19 0 [Note] D:\xampp\mysql\bin\mysqld.exe (initiated by: unknown): Normal shutdown
2022-11-08 19:21:19 0 [Note] Event Scheduler: Purging the queue. 0 events
2022-11-08 19:21:19 0 [Note] InnoDB: FTS optimize thread exiting.
2022-11-08 19:21:20 0 [Note] InnoDB: Starting shutdown...
2022-11-08 19:21:20 0 [Note] InnoDB: Dumping buffer pool(s) to D:\xampp\mysql\data\ib_buffer_pool
2022-11-08 19:21:20 0 [Note] InnoDB: Instance 0, restricted to 250 pages due to innodb_buf_pool_dump_pct=25
2022-11-08 19:21:20 0 [Note] InnoDB: Buffer pool(s) dump completed at 221108 19:21:20
2022-11-08 19:21:21 0 [Note] InnoDB: Removed temporary tablespace data file: "ibtmp1"
2022-11-08 19:21:21 0 [Note] InnoDB: Shutdown completed; log sequence number 464511; transaction id 717
2022-11-08 19:21:21 0 [Note] D:\xampp\mysql\bin\mysqld.exe: Shutdown complete

2022-11-08 22:55:59 0 [Note] InnoDB: Mutexes and rw_locks use Windows interlocked functions
2022-11-08 22:55:59 0 [Note] InnoDB: Uses event mutexes
2022-11-08 22:55:59 0 [Note] InnoDB: Compressed tables use zlib 1.2.11
2022-11-08 22:55:59 0 [Note] InnoDB: Number of pools: 1
2022-11-08 22:55:59 0 [Note] InnoDB: Using SSE2 crc32 instructions
2022-11-08 22:55:59 0 [Note] InnoDB: Initializing buffer pool, total size = 16M, instances = 1, chunk size = 16M
2022-11-08 22:55:59 0 [Note] InnoDB: Completed initialization of buffer pool
2022-11-08 22:55:59 0 [Note] InnoDB: 128 out of 128 rollback segments are active.
2022-11-08 22:55:59 0 [Note] InnoDB: Creating shared tablespace for temporary tables
2022-11-08 22:55:59 0 [Note] InnoDB: Setting file 'D:\xampp\mysql\data\ibtmp1' size to 12 MB. Physically writing the file full; Please wait ...
2022-11-08 22:55:59 0 [Note] InnoDB: File 'D:\xampp\mysql\data\ibtmp1' size is now 12 MB.
2022-11-08 22:55:59 0 [Note] InnoDB: Waiting for purge to start
2022-11-08 22:55:59 0 [Note] InnoDB: 10.4.25 started; log sequence number 464511; transaction id 718
2022-11-08 22:55:59 0 [Note] InnoDB: Loading buffer pool(s) from D:\xampp\mysql\data\ib_buffer_pool
2022-11-08 22:55:59 0 [Note] Plugin 'FEEDBACK' is disabled.
2022-11-08 22:55:59 0 [Note] Server socket created on IP: '::'.
2022-11-08 22:55:59 0 [Note] Reading of all Master_info entries succeeded
2022-11-08 22:55:59 0 [Note] Added new Master_info '' to hash table
2022-11-08 22:55:59 0 [Note] D:\xampp\mysql\bin\mysqld.exe: ready for connections.
Version: '10.4.25-MariaDB'  socket: ''  port: 3306  mariadb.org binary distribution
2022-11-08 22:55:59 0 [Note] InnoDB: Buffer pool(s) load completed at 221108 22:55:59
2022-11-08 23:43:56 0 [Note] D:\xampp\mysql\bin\mysqld.exe (initiated by: unknown): Normal shutdown
2022-11-08 23:43:56 0 [Note] Event Scheduler: Purging the queue. 0 events
2022-11-08 23:43:56 0 [Note] InnoDB: FTS optimize thread exiting.
2022-11-08 23:43:56 0 [Note] InnoDB: Starting shutdown...
2022-11-08 23:43:56 0 [Note] InnoDB: Dumping buffer pool(s) to D:\xampp\mysql\data\ib_buffer_pool
2022-11-08 23:43:56 0 [Note] InnoDB: Instance 0, restricted to 250 pages due to innodb_buf_pool_dump_pct=25
2022-11-08 23:43:56 0 [Note] InnoDB: Buffer pool(s) dump completed at 221108 23:43:56
2022-11-08 23:43:56 0 [Note] InnoDB: Removed temporary tablespace data file: "ibtmp1"
2022-11-08 23:43:56 0 [Note] InnoDB: Shutdown completed; log sequence number 577446; transaction id 919
2022-11-08 23:43:56 0 [Note] D:\xampp\mysql\bin\mysqld.exe: Shutdown complete

2022-11-09 14:25:42 0 [Note] InnoDB: Mutexes and rw_locks use Windows interlocked functions
2022-11-09 14:25:42 0 [Note] InnoDB: Uses event mutexes
2022-11-09 14:25:42 0 [Note] InnoDB: Compressed tables use zlib 1.2.11
2022-11-09 14:25:42 0 [Note] InnoDB: Number of pools: 1
2022-11-09 14:25:42 0 [Note] InnoDB: Using SSE2 crc32 instructions
2022-11-09 14:25:42 0 [Note] InnoDB: Initializing buffer pool, total size = 16M, instances = 1, chunk size = 16M
2022-11-09 14:25:42 0 [Note] InnoDB: Completed initialization of buffer pool
2022-11-09 14:25:42 0 [Note] InnoDB: 128 out of 128 rollback segments are active.
2022-11-09 14:25:42 0 [Note] InnoDB: Creating shared tablespace for temporary tables
2022-11-09 14:25:42 0 [Note] InnoDB: Setting file 'D:\xampp\mysql\data\ibtmp1' size to 12 MB. Physically writing the file full; Please wait ...
2022-11-09 14:25:42 0 [Note] InnoDB: File 'D:\xampp\mysql\data\ibtmp1' size is now 12 MB.
2022-11-09 14:25:42 0 [Note] InnoDB: Waiting for purge to start
2022-11-09 14:25:42 0 [Note] InnoDB: 10.4.25 started; log sequence number 577446; transaction id 920
2022-11-09 14:25:42 0 [Note] InnoDB: Loading buffer pool(s) from D:\xampp\mysql\data\ib_buffer_pool
2022-11-09 14:25:42 0 [Note] Plugin 'FEEDBACK' is disabled.
2022-11-09 14:25:42 0 [Note] Server socket created on IP: '::'.
2022-11-09 14:25:42 0 [Note] InnoDB: Buffer pool(s) load completed at 221109 14:25:42
2022-11-09 14:25:42 0 [Note] Reading of all Master_info entries succeeded
2022-11-09 14:25:42 0 [Note] Added new Master_info '' to hash table
2022-11-09 14:25:42 0 [Note] D:\xampp\mysql\bin\mysqld.exe: ready for connections.
Version: '10.4.25-MariaDB'  socket: ''  port: 3306  mariadb.org binary distribution
2022-11-09 14:28:09 0 [Note] D:\xampp\mysql\bin\mysqld.exe (initiated by: unknown): Normal shutdown
2022-11-09 14:28:09 0 [Note] Event Scheduler: Purging the queue. 0 events
2022-11-09 14:28:09 0 [Note] InnoDB: FTS optimize thread exiting.
2022-11-09 14:28:09 0 [Note] InnoDB: Starting shutdown...
2022-11-09 14:28:09 0 [Note] InnoDB: Dumping buffer pool(s) to D:\xampp\mysql\data\ib_buffer_pool
2022-11-09 14:28:09 0 [Note] InnoDB: Instance 0, restricted to 250 pages due to innodb_buf_pool_dump_pct=25
2022-11-09 14:28:09 0 [Note] InnoDB: Buffer pool(s) dump completed at 221109 14:28:09
2022-11-09 14:28:11 0 [Note] InnoDB: Removed temporary tablespace data file: "ibtmp1"
2022-11-09 14:28:11 0 [Note] InnoDB: Shutdown completed; log sequence number 577455; transaction id 921
2022-11-09 14:28:11 0 [Note] D:\xampp\mysql\bin\mysqld.exe: Shutdown complete

2022-11-10 13:44:39 0 [Note] InnoDB: Mutexes and rw_locks use Windows interlocked functions
2022-11-10 13:44:39 0 [Note] InnoDB: Uses event mutexes
2022-11-10 13:44:39 0 [Note] InnoDB: Compressed tables use zlib 1.2.11
2022-11-10 13:44:39 0 [Note] InnoDB: Number of pools: 1
2022-11-10 13:44:39 0 [Note] InnoDB: Using SSE2 crc32 instructions
2022-11-10 13:44:39 0 [Note] InnoDB: Initializing buffer pool, total size = 16M, instances = 1, chunk size = 16M
2022-11-10 13:44:39 0 [Note] InnoDB: Completed initialization of buffer pool
2022-11-10 13:44:39 0 [Note] InnoDB: 128 out of 128 rollback segments are active.
2022-11-10 13:44:39 0 [Note] InnoDB: Creating shared tablespace for temporary tables
2022-11-10 13:44:39 0 [Note] InnoDB: Setting file 'D:\xampp\mysql\data\ibtmp1' size to 12 MB. Physically writing the file full; Please wait ...
2022-11-10 13:44:39 0 [Note] InnoDB: File 'D:\xampp\mysql\data\ibtmp1' size is now 12 MB.
2022-11-10 13:44:39 0 [Note] InnoDB: Waiting for purge to start
2022-11-10 13:44:39 0 [Note] InnoDB: 10.4.25 started; log sequence number 577455; transaction id 920
2022-11-10 13:44:39 0 [Note] InnoDB: Loading buffer pool(s) from D:\xampp\mysql\data\ib_buffer_pool
2022-11-10 13:44:39 0 [Note] Plugin 'FEEDBACK' is disabled.
2022-11-10 13:44:39 0 [Note] Server socket created on IP: '::'.
2022-11-10 13:44:39 0 [Note] InnoDB: Buffer pool(s) load completed at 221110 13:44:39
2022-11-10 13:44:39 0 [Note] Reading of all Master_info entries succeeded
2022-11-10 13:44:39 0 [Note] Added new Master_info '' to hash table
2022-11-10 13:44:39 0 [Note] D:\xampp\mysql\bin\mysqld.exe: ready for connections.
Version: '10.4.25-MariaDB'  socket: ''  port: 3306  mariadb.org binary distribution
2022-11-18  3:21:05 0 [Note] D:\xampp\mysql\bin\mysqld.exe (initiated by: unknown): Normal shutdown
2022-11-18  3:21:05 0 [Note] Event Scheduler: Purging the queue. 0 events
2022-11-18  3:21:05 0 [Note] InnoDB: FTS optimize thread exiting.
2022-11-18  3:21:05 0 [Note] InnoDB: Starting shutdown...
2022-11-18  3:21:05 0 [Note] InnoDB: Dumping buffer pool(s) to D:\xampp\mysql\data\ib_buffer_pool
2022-11-18  3:21:05 0 [Note] InnoDB: Instance 0, restricted to 250 pages due to innodb_buf_pool_dump_pct=25
2022-11-18  3:21:05 0 [Note] InnoDB: Buffer pool(s) dump completed at 221118  3:21:05
2022-11-18  3:21:06 0 [Note] InnoDB: Removed temporary tablespace data file: "ibtmp1"
2022-11-18  3:21:06 0 [Note] InnoDB: Shutdown completed; log sequence number 577464; transaction id 921
2022-11-18  3:21:06 0 [Note] D:\xampp\mysql\bin\mysqld.exe: Shutdown complete

2022-11-18  3:21:50 0 [Note] InnoDB: Mutexes and rw_locks use Windows interlocked functions
2022-11-18  3:21:50 0 [Note] InnoDB: Uses event mutexes
2022-11-18  3:21:50 0 [Note] InnoDB: Compressed tables use zlib 1.2.11
2022-11-18  3:21:50 0 [Note] InnoDB: Number of pools: 1
2022-11-18  3:21:50 0 [Note] InnoDB: Using SSE2 crc32 instructions
2022-11-18  3:21:50 0 [Note] InnoDB: Initializing buffer pool, total size = 16M, instances = 1, chunk size = 16M
2022-11-18  3:21:50 0 [Note] InnoDB: Completed initialization of buffer pool
2022-11-18  3:21:50 0 [Note] InnoDB: 128 out of 128 rollback segments are active.
2022-11-18  3:21:50 0 [Note] InnoDB: Creating shared tablespace for temporary tables
2022-11-18  3:21:50 0 [Note] InnoDB: Setting file 'D:\xampp\mysql\data\ibtmp1' size to 12 MB. Physically writing the file full; Please wait ...
2022-11-18  3:21:50 0 [Note] InnoDB: File 'D:\xampp\mysql\data\ibtmp1' size is now 12 MB.
2022-11-18  3:21:50 0 [Note] InnoDB: Waiting for purge to start
2022-11-18  3:21:50 0 [Note] InnoDB: 10.4.25 started; log sequence number 577464; transaction id 920
2022-11-18  3:21:50 0 [Note] InnoDB: Loading buffer pool(s) from D:\xampp\mysql\data\ib_buffer_pool
2022-11-18  3:21:50 0 [Note] Plugin 'FEEDBACK' is disabled.
2022-11-18  3:21:50 0 [Note] Server socket created on IP: '::'.
2022-11-18  3:21:50 0 [Note] InnoDB: Buffer pool(s) load completed at 221118  3:21:50
2022-11-18  3:21:50 0 [Note] Reading of all Master_info entries succeeded
2022-11-18  3:21:50 0 [Note] Added new Master_info '' to hash table
2022-11-18  3:21:50 0 [Note] D:\xampp\mysql\bin\mysqld.exe: ready for connections.
Version: '10.4.25-MariaDB'  socket: ''  port: 3306  mariadb.org binary distribution
2022-11-18  3:22:13 0 [Note] D:\xampp\mysql\bin\mysqld.exe (initiated by: unknown): Normal shutdown
2022-11-18  3:22:13 0 [Note] Event Scheduler: Purging the queue. 0 events
2022-11-18  3:22:13 0 [Note] InnoDB: FTS optimize thread exiting.
2022-11-18  3:22:13 0 [Note] InnoDB: Starting shutdown...
2022-11-18  3:22:13 0 [Note] InnoDB: Dumping buffer pool(s) to D:\xampp\mysql\data\ib_buffer_pool
2022-11-18  3:22:13 0 [Note] InnoDB: Instance 0, restricted to 250 pages due to innodb_buf_pool_dump_pct=25
2022-11-18  3:22:13 0 [Note] InnoDB: Buffer pool(s) dump completed at 221118  3:22:13
2022-11-18  3:22:14 0 [Note] InnoDB: Removed temporary tablespace data file: "ibtmp1"
2022-11-18  3:22:14 0 [Note] InnoDB: Shutdown completed; log sequence number 577473; transaction id 921
2022-11-18  3:22:14 0 [Note] D:\xampp\mysql\bin\mysqld.exe: Shutdown complete

2022-11-19  0:40:56 0 [Note] InnoDB: Mutexes and rw_locks use Windows interlocked functions
2022-11-19  0:40:56 0 [Note] InnoDB: Uses event mutexes
2022-11-19  0:40:56 0 [Note] InnoDB: Compressed tables use zlib 1.2.11
2022-11-19  0:40:56 0 [Note] InnoDB: Number of pools: 1
2022-11-19  0:40:56 0 [Note] InnoDB: Using SSE2 crc32 instructions
2022-11-19  0:40:56 0 [Note] InnoDB: Initializing buffer pool, total size = 16M, instances = 1, chunk size = 16M
2022-11-19  0:40:56 0 [Note] InnoDB: Completed initialization of buffer pool
2022-11-19  0:40:56 0 [Note] InnoDB: 128 out of 128 rollback segments are active.
2022-11-19  0:40:56 0 [Note] InnoDB: Creating shared tablespace for temporary tables
2022-11-19  0:40:56 0 [Note] InnoDB: Setting file 'D:\xampp\mysql\data\ibtmp1' size to 12 MB. Physically writing the file full; Please wait ...
2022-11-19  0:40:56 0 [Note] InnoDB: File 'D:\xampp\mysql\data\ibtmp1' size is now 12 MB.
2022-11-19  0:40:56 0 [Note] InnoDB: Waiting for purge to start
2022-11-19  0:40:56 0 [Note] InnoDB: 10.4.25 started; log sequence number 577473; transaction id 920
2022-11-19  0:40:56 0 [Note] InnoDB: Loading buffer pool(s) from D:\xampp\mysql\data\ib_buffer_pool
2022-11-19  0:40:56 0 [Note] Plugin 'FEEDBACK' is disabled.
2022-11-19  0:40:56 0 [Note] Server socket created on IP: '::'.
2022-11-19  0:40:56 0 [Note] InnoDB: Buffer pool(s) load completed at 221119  0:40:56
2022-11-19  0:40:56 0 [Note] Reading of all Master_info entries succeeded
2022-11-19  0:40:56 0 [Note] Added new Master_info '' to hash table
2022-11-19  0:40:56 0 [Note] D:\xampp\mysql\bin\mysqld.exe: ready for connections.
Version: '10.4.25-MariaDB'  socket: ''  port: 3306  mariadb.org binary distribution
2022-11-26  2:09:22 0 [Note] D:\xampp\mysql\bin\mysqld.exe (initiated by: unknown): Normal shutdown
2022-11-26  2:09:22 0 [Note] Event Scheduler: Purging the queue. 0 events
2022-11-26  2:09:22 0 [Note] InnoDB: FTS optimize thread exiting.
2022-11-26  2:09:22 0 [Note] InnoDB: Starting shutdown...
2022-11-26  2:09:22 0 [Note] InnoDB: Dumping buffer pool(s) to D:\xampp\mysql\data\ib_buffer_pool
2022-11-26  2:09:22 0 [Note] InnoDB: Instance 0, restricted to 250 pages due to innodb_buf_pool_dump_pct=25
2022-11-26  2:09:22 0 [Note] InnoDB: Buffer pool(s) dump completed at 221126  2:09:22
2022-11-26  2:09:23 0 [Note] InnoDB: Removed temporary tablespace data file: "ibtmp1"
2022-11-26  2:09:23 0 [Note] InnoDB: Shutdown completed; log sequence number 577482; transaction id 921
2022-11-26  2:09:23 0 [Note] D:\xampp\mysql\bin\mysqld.exe: Shutdown complete

2022-11-27  0:10:15 0 [Note] InnoDB: Mutexes and rw_locks use Windows interlocked functions
2022-11-27  0:10:15 0 [Note] InnoDB: Uses event mutexes
2022-11-27  0:10:15 0 [Note] InnoDB: Compressed tables use zlib 1.2.11
2022-11-27  0:10:15 0 [Note] InnoDB: Number of pools: 1
2022-11-27  0:10:15 0 [Note] InnoDB: Using SSE2 crc32 instructions
2022-11-27  0:10:15 0 [Note] InnoDB: Initializing buffer pool, total size = 16M, instances = 1, chunk size = 16M
2022-11-27  0:10:15 0 [Note] InnoDB: Completed initialization of buffer pool
2022-11-27  0:10:16 0 [Note] InnoDB: 128 out of 128 rollback segments are active.
2022-11-27  0:10:16 0 [Note] InnoDB: Creating shared tablespace for temporary tables
2022-11-27  0:10:16 0 [Note] InnoDB: Setting file 'D:\xampp\mysql\data\ibtmp1' size to 12 MB. Physically writing the file full; Please wait ...
2022-11-27  0:10:16 0 [Note] InnoDB: File 'D:\xampp\mysql\data\ibtmp1' size is now 12 MB.
2022-11-27  0:10:16 0 [Note] InnoDB: Waiting for purge to start
2022-11-27  0:10:16 0 [Note] InnoDB: 10.4.25 started; log sequence number 577482; transaction id 920
2022-11-27  0:10:16 0 [Note] InnoDB: Loading buffer pool(s) from D:\xampp\mysql\data\ib_buffer_pool
2022-11-27  0:10:16 0 [Note] Plugin 'FEEDBACK' is disabled.
2022-11-27  0:10:16 0 [Note] Server socket created on IP: '::'.
2022-11-27  0:10:16 0 [Note] InnoDB: Buffer pool(s) load completed at 221127  0:10:16
2022-11-27  0:10:16 0 [Note] Reading of all Master_info entries succeeded
2022-11-27  0:10:16 0 [Note] Added new Master_info '' to hash table
2022-11-27  0:10:16 0 [Note] D:\xampp\mysql\bin\mysqld.exe: ready for connections.
Version: '10.4.25-MariaDB'  socket: ''  port: 3306  mariadb.org binary distribution
